[INFO ] 2023-01-02 16:38:26.202 [main] ReportManager - 
################################################################################################################################################
Detected SHAFT Engine Version: "SHAFT Engine v6.4.20221225"
################################################################################################################################################
[INFO ] 2023-01-02 16:38:29.180 [main] ReportManager - Loaded OpenCV "opencv_java460".
[INFO ] 2023-01-02 16:38:29.425 [main] Utils - [TestNG] Running:
  C:\Users\HasanA3\AppData\Local\JetBrains\IdeaIC2022.2\temp-testng-customsuite.xml

[INFO ] 2023-01-02 16:38:29.457 [main] ReportManager - 
################################################################################################################################################
Starting Execution of a Configuration (Setup or Teardown) Method
Test Method:		"com.shaft.tools.io.reporting.ReportHelper.setupActivities"
################################################################################################################################################
[INFO ] 2023-01-02 16:38:29.482 [main] ReportManager - Initializing Allure Reporting Environment...
[INFO ] 2023-01-02 16:38:29.858 [main] ReportManager - Initializing Extent Reporting Environment...
[INFO ] 2023-01-02 16:38:30.476 [main] ReportManager - Initializing Important Links...
[INFO ] 2023-01-02 16:38:30.494 [main] ReportManager - Initializing Custom Properties...
[INFO ] 2023-01-02 16:38:30.590 [main] ReportManager - 
################################################################################################################################################
Starting Execution of a Configuration (Setup or Teardown) Method
Test Method:		"tests.LoginTest.setup"
################################################################################################################################################
[DEBUG] 2023-01-02 16:38:30.861 [main] InternalLoggerFactory - Using SLF4J as the default logging framework
[DEBUG] 2023-01-02 16:38:30.872 [main] ResourceLeakDetector - -Dio.netty.leakDetection.level: simple
[DEBUG] 2023-01-02 16:38:30.872 [main] ResourceLeakDetector - -Dio.netty.leakDetection.targetRecords: 4
[DEBUG] 2023-01-02 16:38:30.879 [main] ResourceLeakDetectorFactory - Loaded default ResourceLeakDetector: io.netty.util.ResourceLeakDetector@4d5ea776
[DEBUG] 2023-01-02 16:38:30.929 [main] PlatformDependent0 - -Dio.netty.noUnsafe: false
[DEBUG] 2023-01-02 16:38:30.929 [main] PlatformDependent0 - Java version: 17
[DEBUG] 2023-01-02 16:38:30.931 [main] PlatformDependent0 - sun.misc.Unsafe.theUnsafe: available
[DEBUG] 2023-01-02 16:38:30.932 [main] PlatformDependent0 - sun.misc.Unsafe.copyMemory: available
[DEBUG] 2023-01-02 16:38:30.933 [main] PlatformDependent0 - sun.misc.Unsafe.storeFence: available
[DEBUG] 2023-01-02 16:38:30.935 [main] PlatformDependent0 - java.nio.Buffer.address: available
[DEBUG] 2023-01-02 16:38:30.936 [main] PlatformDependent0 - direct buffer constructor: unavailable: Reflective setAccessible(true) disabled
[DEBUG] 2023-01-02 16:38:30.937 [main] PlatformDependent0 - java.nio.Bits.unaligned: available, true
[DEBUG] 2023-01-02 16:38:30.939 [main] PlatformDependent0 - jdk.internal.misc.Unsafe.allocateUninitializedArray(int): unavailable: class io.netty.util.internal.PlatformDependent0$7 cannot access class jdk.internal.misc.Unsafe (in module java.base) because module java.base does not export jdk.internal.misc to unnamed module @6c75f1dc
[DEBUG] 2023-01-02 16:38:30.940 [main] PlatformDependent0 - java.nio.DirectByteBuffer.<init>(long, int): unavailable
[DEBUG] 2023-01-02 16:38:30.941 [main] PlatformDependent - sun.misc.Unsafe: available
[DEBUG] 2023-01-02 16:38:30.941 [main] PlatformDependent - maxDirectMemory: 4255121408 bytes (maybe)
[DEBUG] 2023-01-02 16:38:30.942 [main] PlatformDependent - -Dio.netty.tmpdir: C:\Users\HasanA3\AppData\Local\Temp (java.io.tmpdir)
[DEBUG] 2023-01-02 16:38:30.942 [main] PlatformDependent - -Dio.netty.bitMode: 64 (sun.arch.data.model)
[DEBUG] 2023-01-02 16:38:30.942 [main] PlatformDependent - Platform: Windows
[DEBUG] 2023-01-02 16:38:30.944 [main] PlatformDependent - -Dio.netty.maxDirectMemory: -1 bytes
[DEBUG] 2023-01-02 16:38:30.944 [main] PlatformDependent - -Dio.netty.uninitializedArrayAllocationThreshold: -1
[DEBUG] 2023-01-02 16:38:30.946 [main] CleanerJava9 - java.nio.ByteBuffer.cleaner(): available
[DEBUG] 2023-01-02 16:38:30.946 [main] PlatformDependent - -Dio.netty.noPreferDirect: false
[DEBUG] 2023-01-02 16:38:30.974 [main] PlatformDependent - org.jctools-core.MpscChunkedArrayQueue: available
[DEBUG] 2023-01-02 16:38:31.042 [main] InternalThreadLocalMap - -Dio.netty.threadLocalMap.stringBuilder.initialSize: 1024
[DEBUG] 2023-01-02 16:38:31.042 [main] InternalThreadLocalMap - -Dio.netty.threadLocalMap.stringBuilder.maxSize: 4096
[DEBUG] 2023-01-02 16:38:31.312 [main] JdkSslContext - Default protocols (JDK): [TLSv1.3, TLSv1.2] 
[DEBUG] 2023-01-02 16:38:31.313 [main] JdkSslContext - Default cipher suites (JDK): [TLS_ECDHE_ECDSA_WITH_AES_256_GCM_SHA384, TLS_ECDHE_ECDSA_WITH_AES_128_GCM_SHA256, TLS_ECDHE_RSA_WITH_AES_128_GCM_SHA256, TLS_ECDHE_RSA_WITH_AES_256_GCM_SHA384, TLS_ECDHE_RSA_WITH_AES_128_CBC_SHA, TLS_ECDHE_RSA_WITH_AES_256_CBC_SHA, TLS_RSA_WITH_AES_128_GCM_SHA256, TLS_RSA_WITH_AES_128_CBC_SHA, TLS_RSA_WITH_AES_256_CBC_SHA, TLS_AES_128_GCM_SHA256, TLS_AES_256_GCM_SHA384]
[DEBUG] 2023-01-02 16:38:31.409 [main] MultithreadEventLoopGroup - -Dio.netty.eventLoopThreads: 16
[DEBUG] 2023-01-02 16:38:31.429 [main] NioEventLoop - -Dio.netty.noKeySetOptimization: false
[DEBUG] 2023-01-02 16:38:31.429 [main] NioEventLoop - -Dio.netty.selectorAutoRebuildThreshold: 512
[DEBUG] 2023-01-02 16:38:31.531 [main] PooledByteBufAllocator - -Dio.netty.allocator.numHeapArenas: 16
[DEBUG] 2023-01-02 16:38:31.531 [main] PooledByteBufAllocator - -Dio.netty.allocator.numDirectArenas: 16
[DEBUG] 2023-01-02 16:38:31.531 [main] PooledByteBufAllocator - -Dio.netty.allocator.pageSize: 8192
[DEBUG] 2023-01-02 16:38:31.531 [main] PooledByteBufAllocator - -Dio.netty.allocator.maxOrder: 9
[DEBUG] 2023-01-02 16:38:31.531 [main] PooledByteBufAllocator - -Dio.netty.allocator.chunkSize: 4194304
[DEBUG] 2023-01-02 16:38:31.531 [main] PooledByteBufAllocator - -Dio.netty.allocator.smallCacheSize: 256
[DEBUG] 2023-01-02 16:38:31.531 [main] PooledByteBufAllocator - -Dio.netty.allocator.normalCacheSize: 64
[DEBUG] 2023-01-02 16:38:31.531 [main] PooledByteBufAllocator - -Dio.netty.allocator.maxCachedBufferCapacity: 32768
[DEBUG] 2023-01-02 16:38:31.531 [main] PooledByteBufAllocator - -Dio.netty.allocator.cacheTrimInterval: 8192
[DEBUG] 2023-01-02 16:38:31.531 [main] PooledByteBufAllocator - -Dio.netty.allocator.cacheTrimIntervalMillis: 0
[DEBUG] 2023-01-02 16:38:31.531 [main] PooledByteBufAllocator - -Dio.netty.allocator.useCacheForAllThreads: false
[DEBUG] 2023-01-02 16:38:31.532 [main] PooledByteBufAllocator - -Dio.netty.allocator.maxCachedByteBuffersPerChunk: 1023
[DEBUG] 2023-01-02 16:38:31.555 [main] ByteBufUtil - -Dio.netty.allocator.type: pooled
[DEBUG] 2023-01-02 16:38:31.555 [main] ByteBufUtil - -Dio.netty.threadLocalDirectBufferSize: 0
[DEBUG] 2023-01-02 16:38:31.555 [main] ByteBufUtil - -Dio.netty.maxThreadLocalCharBufferSize: 16384
[DEBUG] 2023-01-02 16:38:32.024 [Forwarding newSession on session null to remote] DefaultChannelId - -Dio.netty.processId: 34096 (auto-detected)
[DEBUG] 2023-01-02 16:38:32.027 [Forwarding newSession on session null to remote] NetUtil - -Djava.net.preferIPv4Stack: false
[DEBUG] 2023-01-02 16:38:32.027 [Forwarding newSession on session null to remote] NetUtil - -Djava.net.preferIPv6Addresses: false
[DEBUG] 2023-01-02 16:38:32.041 [Forwarding newSession on session null to remote] NetUtilInitializations - Loopback interface: lo (Software Loopback Interface 1, 127.0.0.1)
[DEBUG] 2023-01-02 16:38:32.042 [Forwarding newSession on session null to remote] NetUtil - Failed to get SOMAXCONN from sysctl and file \proc\sys\net\core\somaxconn. Default: 200
[DEBUG] 2023-01-02 16:38:32.079 [Forwarding newSession on session null to remote] DefaultChannelId - -Dio.netty.machineId: 5c:87:9c:ff:fe:1c:21:3b (auto-detected)
[DEBUG] 2023-01-02 16:38:32.160 [AsyncHttpClient-1-2] AbstractByteBuf - -Dio.netty.buffer.checkAccessible: true
[DEBUG] 2023-01-02 16:38:32.161 [AsyncHttpClient-1-2] AbstractByteBuf - -Dio.netty.buffer.checkBounds: true
[DEBUG] 2023-01-02 16:38:32.161 [AsyncHttpClient-1-2] ResourceLeakDetectorFactory - Loaded default ResourceLeakDetector: io.netty.util.ResourceLeakDetector@6a52b6f
[DEBUG] 2023-01-02 16:38:32.179 [AsyncHttpClient-1-2] NettyConnectListener - Using new Channel '[id: 0xb8ed57fa, L:/127.0.0.1:60322 - R:localhost/127.0.0.1:4723]' for 'POST' to '/session'
[DEBUG] 2023-01-02 16:38:32.206 [AsyncHttpClient-1-2] Recycler - -Dio.netty.recycler.maxCapacityPerThread: 4096
[DEBUG] 2023-01-02 16:38:32.206 [AsyncHttpClient-1-2] Recycler - -Dio.netty.recycler.ratio: 8
[DEBUG] 2023-01-02 16:38:32.206 [AsyncHttpClient-1-2] Recycler - -Dio.netty.recycler.chunkSize: 32
[DEBUG] 2023-01-02 16:38:32.206 [AsyncHttpClient-1-2] Recycler - -Dio.netty.recycler.blocking: false
[DEBUG] 2023-01-02 16:38:43.103 [AsyncHttpClient-1-2] Brotli - brotli4j not in the classpath; Brotli support will be unavailable.
[DEBUG] 2023-01-02 16:38:43.103 [AsyncHttpClient-1-2] HttpHandler - 

Request DefaultHttpRequest(decodeResult: success, version: HTTP/1.1)
POST /session HTTP/1.1
X-Idempotency-Key: 8a41e8b0-32f0-4363-947a-f1ae4048656d
User-Agent: appium/8.3.0 (selenium/4.7.2 (java windows))
Content-Length: 459
Content-Type: application/json; charset=utf-8
host: localhost:4723
accept: */*

Response DefaultHttpResponse(decodeResult: success, version: HTTP/1.1)
HTTP/1.1 200 OK
X-Powered-By: Express
Vary: X-HTTP-Method-Override
Content-Type: application/json; charset=utf-8
ETag: W/"473-I3kFaLc+e96z/E/lyS+v1JtRF4A"
Date: Mon, 02 Jan 2023 14:38:43 GMT
Connection: keep-alive
Keep-Alive: timeout=600
content-length: 1139

[DEBUG] 2023-01-02 16:38:43.122 [AsyncHttpClient-1-2] ChannelManager - Adding key: http://localhost:4723 for channel [id: 0xb8ed57fa, L:/127.0.0.1:60322 - R:localhost/127.0.0.1:4723]
[INFO ] 2023-01-02 16:38:43.310 [main] ReportManager - File Action "DoesFileExist" successfully performed. With the following test data "File Path: "src/test/resources/TestDataFiles/Data.json"".
[INFO ] 2023-01-02 16:38:43.311 [main] ReportManager - File Action "DoesFileExist" successfully performed. With the following test data "File Path: "src/test/resources/TestDataFiles/Data.json"".
[INFO ] 2023-01-02 16:38:43.312 [main] ReportManager - File Action "GetAbsolutePath" successfully performed. With the following test data "Relative Folder Path: "src/test/resources/TestDataFiles/Data.json"".
[INFO ] 2023-01-02 16:38:43.342 [main] ReportManager - Successfully created attachment "Test Data - JSON"
[DEBUG] 2023-01-02 16:38:43.364 [Forwarding setTimeout on session 1dde9899-fa46-4b0d-a2cc-969a678a226f to remote] NettyRequestSender - Using pooled Channel '[id: 0xb8ed57fa, L:/127.0.0.1:60322 - R:localhost/127.0.0.1:4723]' for 'POST' to 'http://localhost:4723/session/1dde9899-fa46-4b0d-a2cc-969a678a226f/timeouts'
[DEBUG] 2023-01-02 16:38:43.364 [Forwarding setTimeout on session 1dde9899-fa46-4b0d-a2cc-969a678a226f to remote] NettyRequestSender - Using open Channel [id: 0xb8ed57fa, L:/127.0.0.1:60322 - R:localhost/127.0.0.1:4723] for POST '/session/1dde9899-fa46-4b0d-a2cc-969a678a226f/timeouts'
[DEBUG] 2023-01-02 16:38:43.372 [AsyncHttpClient-1-2] HttpHandler - 

Request DefaultHttpRequest(decodeResult: success, version: HTTP/1.1)
POST /session/1dde9899-fa46-4b0d-a2cc-969a678a226f/timeouts HTTP/1.1
User-Agent: appium/8.3.0 (selenium/4.7.2 (java windows))
Content-Length: 22
Content-Type: application/json; charset=utf-8
host: localhost:4723
accept: */*

Response DefaultHttpResponse(decodeResult: success, version: HTTP/1.1)
HTTP/1.1 200 OK
X-Powered-By: Express
Vary: X-HTTP-Method-Override
Content-Type: application/json; charset=utf-8
ETag: W/"e-9/1BuKMgFObM1mWJm+YjxtXJnUM"
Date: Mon, 02 Jan 2023 14:38:43 GMT
Connection: keep-alive
Keep-Alive: timeout=600
content-length: 14

[DEBUG] 2023-01-02 16:38:43.373 [AsyncHttpClient-1-2] ChannelManager - Adding key: http://localhost:4723 for channel [id: 0xb8ed57fa, L:/127.0.0.1:60322 - R:localhost/127.0.0.1:4723]
[DEBUG] 2023-01-02 16:38:43.384 [AsyncHttpClient-1-1] DefaultChannelPool - Entry count for : http://localhost:4723 : 1
[ERROR] 2023-01-02 16:38:43.493 [main] AllureLifecycle - Could not add attachment: no test is running
[INFO ] 2023-01-02 16:38:43.494 [main] ReportManager - Successfully created attachment "SHAFT Engine Logs - Current Method log: setup"
[INFO ] 2023-01-02 16:38:43.536 [main] ReportManager - 
################################################################################################################################################
Starting Execution:	"1 out of 1" test cases in the current suite
Test Method:		"tests.LoginTest.loginFailed"
################################################################################################################################################
[INFO ] 2023-01-02 16:38:43.563 [main] ReportManager - File Action "DoesFileExist" successfully performed. With the following test data "File Path: "src/test/resources/TestDataFiles/Data.json"".
[INFO ] 2023-01-02 16:38:43.563 [main] ReportManager - File Action "GetAbsolutePath" successfully performed. With the following test data "Relative Folder Path: "src/test/resources/TestDataFiles/Data.json"".
[DEBUG] 2023-01-02 16:38:44.483 [AsyncHttpClient-1-1] DefaultChannelPool - Entry count for : http://localhost:4723 : 1
[DEBUG] 2023-01-02 16:38:45.589 [AsyncHttpClient-1-1] DefaultChannelPool - Entry count for : http://localhost:4723 : 1
[DEBUG] 2023-01-02 16:38:45.726 [Forwarding findElement on session 1dde9899-fa46-4b0d-a2cc-969a678a226f to remote] NettyRequestSender - Using pooled Channel '[id: 0xb8ed57fa, L:/127.0.0.1:60322 - R:localhost/127.0.0.1:4723]' for 'POST' to 'http://localhost:4723/session/1dde9899-fa46-4b0d-a2cc-969a678a226f/element'
[DEBUG] 2023-01-02 16:38:45.727 [Forwarding findElement on session 1dde9899-fa46-4b0d-a2cc-969a678a226f to remote] NettyRequestSender - Using open Channel [id: 0xb8ed57fa, L:/127.0.0.1:60322 - R:localhost/127.0.0.1:4723] for POST '/session/1dde9899-fa46-4b0d-a2cc-969a678a226f/element'
[DEBUG] 2023-01-02 16:38:49.701 [AsyncHttpClient-1-2] HttpHandler - 

Request DefaultHttpRequest(decodeResult: success, version: HTTP/1.1)
POST /session/1dde9899-fa46-4b0d-a2cc-969a678a226f/element HTTP/1.1
User-Agent: appium/8.3.0 (selenium/4.7.2 (java windows))
Content-Length: 61
Content-Type: application/json; charset=utf-8
host: localhost:4723
accept: */*

Response DefaultHttpResponse(decodeResult: success, version: HTTP/1.1)
HTTP/1.1 200 OK
X-Powered-By: Express
Vary: X-HTTP-Method-Override
Content-Type: application/json; charset=utf-8
ETag: W/"89-+15aniRF+MX2KATNVMfa36ciFvw"
Date: Mon, 02 Jan 2023 14:38:49 GMT
Connection: keep-alive
Keep-Alive: timeout=600
content-length: 137

[DEBUG] 2023-01-02 16:38:49.702 [AsyncHttpClient-1-2] ChannelManager - Adding key: http://localhost:4723 for channel [id: 0xb8ed57fa, L:/127.0.0.1:60322 - R:localhost/127.0.0.1:4723]
[DEBUG] 2023-01-02 16:38:49.715 [Forwarding sendKeysToElement on session 1dde9899-fa46-4b0d-a2cc-969a678a226f to remote] NettyRequestSender - Using pooled Channel '[id: 0xb8ed57fa, L:/127.0.0.1:60322 - R:localhost/127.0.0.1:4723]' for 'POST' to 'http://localhost:4723/session/1dde9899-fa46-4b0d-a2cc-969a678a226f/element/00000000-0000-01f4-ffff-ffff00000025/value'
[DEBUG] 2023-01-02 16:38:49.715 [Forwarding sendKeysToElement on session 1dde9899-fa46-4b0d-a2cc-969a678a226f to remote] NettyRequestSender - Using open Channel [id: 0xb8ed57fa, L:/127.0.0.1:60322 - R:localhost/127.0.0.1:4723] for POST '/session/1dde9899-fa46-4b0d-a2cc-969a678a226f/element/00000000-0000-01f4-ffff-ffff00000025/value'
[DEBUG] 2023-01-02 16:38:50.256 [AsyncHttpClient-1-2] HttpHandler - 

Request DefaultHttpRequest(decodeResult: success, version: HTTP/1.1)
POST /session/1dde9899-fa46-4b0d-a2cc-969a678a226f/element/00000000-0000-01f4-ffff-ffff00000025/value HTTP/1.1
User-Agent: appium/8.3.0 (selenium/4.7.2 (java windows))
Content-Length: 211
Content-Type: application/json; charset=utf-8
host: localhost:4723
accept: */*

Response DefaultHttpResponse(decodeResult: success, version: HTTP/1.1)
HTTP/1.1 200 OK
X-Powered-By: Express
Vary: X-HTTP-Method-Override
Content-Type: application/json; charset=utf-8
ETag: W/"e-9/1BuKMgFObM1mWJm+YjxtXJnUM"
Date: Mon, 02 Jan 2023 14:38:50 GMT
Connection: keep-alive
Keep-Alive: timeout=600
content-length: 14

[DEBUG] 2023-01-02 16:38:50.257 [AsyncHttpClient-1-2] ChannelManager - Adding key: http://localhost:4723 for channel [id: 0xb8ed57fa, L:/127.0.0.1:60322 - R:localhost/127.0.0.1:4723]
[DEBUG] 2023-01-02 16:38:50.259 [Forwarding findElement on session 1dde9899-fa46-4b0d-a2cc-969a678a226f to remote] NettyRequestSender - Using pooled Channel '[id: 0xb8ed57fa, L:/127.0.0.1:60322 - R:localhost/127.0.0.1:4723]' for 'POST' to 'http://localhost:4723/session/1dde9899-fa46-4b0d-a2cc-969a678a226f/element'
[DEBUG] 2023-01-02 16:38:50.259 [Forwarding findElement on session 1dde9899-fa46-4b0d-a2cc-969a678a226f to remote] NettyRequestSender - Using open Channel [id: 0xb8ed57fa, L:/127.0.0.1:60322 - R:localhost/127.0.0.1:4723] for POST '/session/1dde9899-fa46-4b0d-a2cc-969a678a226f/element'
[DEBUG] 2023-01-02 16:38:50.811 [AsyncHttpClient-1-2] HttpHandler - 

Request DefaultHttpRequest(decodeResult: success, version: HTTP/1.1)
POST /session/1dde9899-fa46-4b0d-a2cc-969a678a226f/element HTTP/1.1
User-Agent: appium/8.3.0 (selenium/4.7.2 (java windows))
Content-Length: 61
Content-Type: application/json; charset=utf-8
host: localhost:4723
accept: */*

Response DefaultHttpResponse(decodeResult: success, version: HTTP/1.1)
HTTP/1.1 200 OK
X-Powered-By: Express
Vary: X-HTTP-Method-Override
Content-Type: application/json; charset=utf-8
ETag: W/"89-+DdOqyxb/yoE348EutsE+11lsLk"
Date: Mon, 02 Jan 2023 14:38:50 GMT
Connection: keep-alive
Keep-Alive: timeout=600
content-length: 137

[DEBUG] 2023-01-02 16:38:50.811 [AsyncHttpClient-1-2] ChannelManager - Adding key: http://localhost:4723 for channel [id: 0xb8ed57fa, L:/127.0.0.1:60322 - R:localhost/127.0.0.1:4723]
[DEBUG] 2023-01-02 16:38:50.814 [Forwarding sendKeysToElement on session 1dde9899-fa46-4b0d-a2cc-969a678a226f to remote] NettyRequestSender - Using pooled Channel '[id: 0xb8ed57fa, L:/127.0.0.1:60322 - R:localhost/127.0.0.1:4723]' for 'POST' to 'http://localhost:4723/session/1dde9899-fa46-4b0d-a2cc-969a678a226f/element/00000000-0000-01f4-ffff-ffff00000028/value'
[DEBUG] 2023-01-02 16:38:50.814 [Forwarding sendKeysToElement on session 1dde9899-fa46-4b0d-a2cc-969a678a226f to remote] NettyRequestSender - Using open Channel [id: 0xb8ed57fa, L:/127.0.0.1:60322 - R:localhost/127.0.0.1:4723] for POST '/session/1dde9899-fa46-4b0d-a2cc-969a678a226f/element/00000000-0000-01f4-ffff-ffff00000028/value'
[DEBUG] 2023-01-02 16:38:51.343 [AsyncHttpClient-1-2] HttpHandler - 

Request DefaultHttpRequest(decodeResult: success, version: HTTP/1.1)
POST /session/1dde9899-fa46-4b0d-a2cc-969a678a226f/element/00000000-0000-01f4-ffff-ffff00000028/value HTTP/1.1
User-Agent: appium/8.3.0 (selenium/4.7.2 (java windows))
Content-Length: 111
Content-Type: application/json; charset=utf-8
host: localhost:4723
accept: */*

Response DefaultHttpResponse(decodeResult: success, version: HTTP/1.1)
HTTP/1.1 200 OK
X-Powered-By: Express
Vary: X-HTTP-Method-Override
Content-Type: application/json; charset=utf-8
ETag: W/"e-9/1BuKMgFObM1mWJm+YjxtXJnUM"
Date: Mon, 02 Jan 2023 14:38:51 GMT
Connection: keep-alive
Keep-Alive: timeout=600
content-length: 14

[DEBUG] 2023-01-02 16:38:51.343 [AsyncHttpClient-1-2] ChannelManager - Adding key: http://localhost:4723 for channel [id: 0xb8ed57fa, L:/127.0.0.1:60322 - R:localhost/127.0.0.1:4723]
[DEBUG] 2023-01-02 16:38:51.347 [Forwarding findElement on session 1dde9899-fa46-4b0d-a2cc-969a678a226f to remote] NettyRequestSender - Using pooled Channel '[id: 0xb8ed57fa, L:/127.0.0.1:60322 - R:localhost/127.0.0.1:4723]' for 'POST' to 'http://localhost:4723/session/1dde9899-fa46-4b0d-a2cc-969a678a226f/element'
[DEBUG] 2023-01-02 16:38:51.347 [Forwarding findElement on session 1dde9899-fa46-4b0d-a2cc-969a678a226f to remote] NettyRequestSender - Using open Channel [id: 0xb8ed57fa, L:/127.0.0.1:60322 - R:localhost/127.0.0.1:4723] for POST '/session/1dde9899-fa46-4b0d-a2cc-969a678a226f/element'
[DEBUG] 2023-01-02 16:38:51.857 [AsyncHttpClient-1-2] HttpHandler - 

Request DefaultHttpRequest(decodeResult: success, version: HTTP/1.1)
POST /session/1dde9899-fa46-4b0d-a2cc-969a678a226f/element HTTP/1.1
User-Agent: appium/8.3.0 (selenium/4.7.2 (java windows))
Content-Length: 58
Content-Type: application/json; charset=utf-8
host: localhost:4723
accept: */*

Response DefaultHttpResponse(decodeResult: success, version: HTTP/1.1)
HTTP/1.1 200 OK
X-Powered-By: Express
Vary: X-HTTP-Method-Override
Content-Type: application/json; charset=utf-8
ETag: W/"89-z2iOIe/ueiUnETKUqikL+BJYcZA"
Date: Mon, 02 Jan 2023 14:38:51 GMT
Connection: keep-alive
Keep-Alive: timeout=600
content-length: 137

[DEBUG] 2023-01-02 16:38:51.857 [AsyncHttpClient-1-2] ChannelManager - Adding key: http://localhost:4723 for channel [id: 0xb8ed57fa, L:/127.0.0.1:60322 - R:localhost/127.0.0.1:4723]
[DEBUG] 2023-01-02 16:38:51.859 [Forwarding clickElement on session 1dde9899-fa46-4b0d-a2cc-969a678a226f to remote] NettyRequestSender - Using pooled Channel '[id: 0xb8ed57fa, L:/127.0.0.1:60322 - R:localhost/127.0.0.1:4723]' for 'POST' to 'http://localhost:4723/session/1dde9899-fa46-4b0d-a2cc-969a678a226f/element/00000000-0000-01f4-ffff-ffff00000029/click'
[DEBUG] 2023-01-02 16:38:51.859 [Forwarding clickElement on session 1dde9899-fa46-4b0d-a2cc-969a678a226f to remote] NettyRequestSender - Using open Channel [id: 0xb8ed57fa, L:/127.0.0.1:60322 - R:localhost/127.0.0.1:4723] for POST '/session/1dde9899-fa46-4b0d-a2cc-969a678a226f/element/00000000-0000-01f4-ffff-ffff00000029/click'
[DEBUG] 2023-01-02 16:38:51.909 [AsyncHttpClient-1-2] HttpHandler - 

Request DefaultHttpRequest(decodeResult: success, version: HTTP/1.1)
POST /session/1dde9899-fa46-4b0d-a2cc-969a678a226f/element/00000000-0000-01f4-ffff-ffff00000029/click HTTP/1.1
User-Agent: appium/8.3.0 (selenium/4.7.2 (java windows))
Content-Length: 50
Content-Type: application/json; charset=utf-8
host: localhost:4723
accept: */*

Response DefaultHttpResponse(decodeResult: success, version: HTTP/1.1)
HTTP/1.1 200 OK
X-Powered-By: Express
Vary: X-HTTP-Method-Override
Content-Type: application/json; charset=utf-8
ETag: W/"e-9/1BuKMgFObM1mWJm+YjxtXJnUM"
Date: Mon, 02 Jan 2023 14:38:51 GMT
Connection: keep-alive
Keep-Alive: timeout=600
content-length: 14

[DEBUG] 2023-01-02 16:38:51.910 [AsyncHttpClient-1-2] ChannelManager - Adding key: http://localhost:4723 for channel [id: 0xb8ed57fa, L:/127.0.0.1:60322 - R:localhost/127.0.0.1:4723]
[DEBUG] 2023-01-02 16:38:51.916 [Forwarding findElement on session 1dde9899-fa46-4b0d-a2cc-969a678a226f to remote] NettyRequestSender - Using pooled Channel '[id: 0xb8ed57fa, L:/127.0.0.1:60322 - R:localhost/127.0.0.1:4723]' for 'POST' to 'http://localhost:4723/session/1dde9899-fa46-4b0d-a2cc-969a678a226f/element'
[DEBUG] 2023-01-02 16:38:51.916 [Forwarding findElement on session 1dde9899-fa46-4b0d-a2cc-969a678a226f to remote] NettyRequestSender - Using open Channel [id: 0xb8ed57fa, L:/127.0.0.1:60322 - R:localhost/127.0.0.1:4723] for POST '/session/1dde9899-fa46-4b0d-a2cc-969a678a226f/element'
[DEBUG] 2023-01-02 16:38:52.406 [AsyncHttpClient-1-2] HttpHandler - 

Request DefaultHttpRequest(decodeResult: success, version: HTTP/1.1)
POST /session/1dde9899-fa46-4b0d-a2cc-969a678a226f/element HTTP/1.1
User-Agent: appium/8.3.0 (selenium/4.7.2 (java windows))
Content-Length: 138
Content-Type: application/json; charset=utf-8
host: localhost:4723
accept: */*

Response DefaultHttpResponse(decodeResult: success, version: HTTP/1.1)
HTTP/1.1 200 OK
X-Powered-By: Express
Vary: X-HTTP-Method-Override
Content-Type: application/json; charset=utf-8
ETag: W/"89-MDRE258ug2QuLXjSUqV8qSb01Oo"
Date: Mon, 02 Jan 2023 14:38:52 GMT
Connection: keep-alive
Keep-Alive: timeout=600
content-length: 137

[DEBUG] 2023-01-02 16:38:52.407 [AsyncHttpClient-1-2] ChannelManager - Adding key: http://localhost:4723 for channel [id: 0xb8ed57fa, L:/127.0.0.1:60322 - R:localhost/127.0.0.1:4723]
[DEBUG] 2023-01-02 16:38:52.411 [Forwarding getElementText on session 1dde9899-fa46-4b0d-a2cc-969a678a226f to remote] NettyRequestSender - Using pooled Channel '[id: 0xb8ed57fa, L:/127.0.0.1:60322 - R:localhost/127.0.0.1:4723]' for 'GET' to 'http://localhost:4723/session/1dde9899-fa46-4b0d-a2cc-969a678a226f/element/00000000-0000-01f4-ffff-ffff00000036/text'
[DEBUG] 2023-01-02 16:38:52.411 [Forwarding getElementText on session 1dde9899-fa46-4b0d-a2cc-969a678a226f to remote] NettyRequestSender - Using open Channel [id: 0xb8ed57fa, L:/127.0.0.1:60322 - R:localhost/127.0.0.1:4723] for GET '/session/1dde9899-fa46-4b0d-a2cc-969a678a226f/element/00000000-0000-01f4-ffff-ffff00000036/text'
[DEBUG] 2023-01-02 16:38:52.543 [AsyncHttpClient-1-2] HttpHandler - 

Request DefaultFullHttpRequest(decodeResult: success, version: HTTP/1.1, content: EmptyByteBufBE)
GET /session/1dde9899-fa46-4b0d-a2cc-969a678a226f/element/00000000-0000-01f4-ffff-ffff00000036/text HTTP/1.1
User-Agent: appium/8.3.0 (selenium/4.7.2 (java windows))
Cache-Control: no-cache
Content-Type: application/json; charset=utf-8
host: localhost:4723
accept: */*

Response DefaultHttpResponse(decodeResult: success, version: HTTP/1.1)
HTTP/1.1 200 OK
X-Powered-By: Express
Content-Type: application/json; charset=utf-8
ETag: W/"7b-umC4XrqZl7uNy5M9bCiWrT9zBO8"
Date: Mon, 02 Jan 2023 14:38:52 GMT
Connection: keep-alive
Keep-Alive: timeout=600
content-length: 123

[DEBUG] 2023-01-02 16:38:52.544 [AsyncHttpClient-1-2] ChannelManager - Adding key: http://localhost:4723 for channel [id: 0xb8ed57fa, L:/127.0.0.1:60322 - R:localhost/127.0.0.1:4723]
[INFO ] 2023-01-02 16:38:52.546 [main] ReportManager - File Action "DoesFileExist" successfully performed. With the following test data "File Path: "src/test/resources/TestDataFiles/Data.json"".
[INFO ] 2023-01-02 16:38:52.548 [main] ReportManager - File Action "GetAbsolutePath" successfully performed. With the following test data "Relative Folder Path: "src/test/resources/TestDataFiles/Data.json"".
[DEBUG] 2023-01-02 16:38:52.609 [Forwarding screenshot on session 1dde9899-fa46-4b0d-a2cc-969a678a226f to remote] NettyRequestSender - Using pooled Channel '[id: 0xb8ed57fa, L:/127.0.0.1:60322 - R:localhost/127.0.0.1:4723]' for 'GET' to 'http://localhost:4723/session/1dde9899-fa46-4b0d-a2cc-969a678a226f/screenshot'
[DEBUG] 2023-01-02 16:38:52.609 [Forwarding screenshot on session 1dde9899-fa46-4b0d-a2cc-969a678a226f to remote] NettyRequestSender - Using open Channel [id: 0xb8ed57fa, L:/127.0.0.1:60322 - R:localhost/127.0.0.1:4723] for GET '/session/1dde9899-fa46-4b0d-a2cc-969a678a226f/screenshot'
[DEBUG] 2023-01-02 16:38:52.974 [AsyncHttpClient-1-2] HttpHandler - 

Request DefaultFullHttpRequest(decodeResult: success, version: HTTP/1.1, content: EmptyByteBufBE)
GET /session/1dde9899-fa46-4b0d-a2cc-969a678a226f/screenshot HTTP/1.1
User-Agent: appium/8.3.0 (selenium/4.7.2 (java windows))
Cache-Control: no-cache
Content-Type: application/json; charset=utf-8
host: localhost:4723
accept: */*

Response DefaultHttpResponse(decodeResult: success, version: HTTP/1.1)
HTTP/1.1 200 OK
X-Powered-By: Express
Content-Type: application/json; charset=utf-8
ETag: W/"54c0c-9CFnUjr7rtYfVl+2HKPNhCPd+4o"
Date: Mon, 02 Jan 2023 14:38:52 GMT
Connection: keep-alive
Keep-Alive: timeout=600
content-length: 347148

[DEBUG] 2023-01-02 16:38:52.977 [AsyncHttpClient-1-2] ChannelManager - Adding key: http://localhost:4723 for channel [id: 0xb8ed57fa, L:/127.0.0.1:60322 - R:localhost/127.0.0.1:4723]
[INFO ] 2023-01-02 16:38:53.027 [main] ReportManager - Successfully created attachment "SHAFT Engine Logs - Current Method log: loginFailed"
[INFO ] 2023-01-02 16:38:53.044 [main] ReportManager - 
################################################################################################################################################
Starting Execution of a Configuration (Setup or Teardown) Method
Test Method:		"tests.LoginTest.tearDown"
################################################################################################################################################
[DEBUG] 2023-01-02 16:38:53.046 [Forwarding screenshot on session 1dde9899-fa46-4b0d-a2cc-969a678a226f to remote] NettyRequestSender - Using pooled Channel '[id: 0xb8ed57fa, L:/127.0.0.1:60322 - R:localhost/127.0.0.1:4723]' for 'GET' to 'http://localhost:4723/session/1dde9899-fa46-4b0d-a2cc-969a678a226f/screenshot'
[DEBUG] 2023-01-02 16:38:53.046 [Forwarding screenshot on session 1dde9899-fa46-4b0d-a2cc-969a678a226f to remote] NettyRequestSender - Using open Channel [id: 0xb8ed57fa, L:/127.0.0.1:60322 - R:localhost/127.0.0.1:4723] for GET '/session/1dde9899-fa46-4b0d-a2cc-969a678a226f/screenshot'
[DEBUG] 2023-01-02 16:38:53.406 [AsyncHttpClient-1-2] HttpHandler - 

Request DefaultFullHttpRequest(decodeResult: success, version: HTTP/1.1, content: EmptyByteBufBE)
GET /session/1dde9899-fa46-4b0d-a2cc-969a678a226f/screenshot HTTP/1.1
User-Agent: appium/8.3.0 (selenium/4.7.2 (java windows))
Cache-Control: no-cache
Content-Type: application/json; charset=utf-8
host: localhost:4723
accept: */*

Response DefaultHttpResponse(decodeResult: success, version: HTTP/1.1)
HTTP/1.1 200 OK
X-Powered-By: Express
Content-Type: application/json; charset=utf-8
ETag: W/"54c0c-9CFnUjr7rtYfVl+2HKPNhCPd+4o"
Date: Mon, 02 Jan 2023 14:38:53 GMT
Connection: keep-alive
Keep-Alive: timeout=600
content-length: 347148

[DEBUG] 2023-01-02 16:38:53.408 [AsyncHttpClient-1-2] ChannelManager - Adding key: http://localhost:4723 for channel [id: 0xb8ed57fa, L:/127.0.0.1:60322 - R:localhost/127.0.0.1:4723]
[DEBUG] 2023-01-02 16:38:53.427 [Forwarding quit on session 1dde9899-fa46-4b0d-a2cc-969a678a226f to remote] NettyRequestSender - Using pooled Channel '[id: 0xb8ed57fa, L:/127.0.0.1:60322 - R:localhost/127.0.0.1:4723]' for 'DELETE' to 'http://localhost:4723/session/1dde9899-fa46-4b0d-a2cc-969a678a226f'
[DEBUG] 2023-01-02 16:38:53.427 [Forwarding quit on session 1dde9899-fa46-4b0d-a2cc-969a678a226f to remote] NettyRequestSender - Using open Channel [id: 0xb8ed57fa, L:/127.0.0.1:60322 - R:localhost/127.0.0.1:4723] for DELETE '/session/1dde9899-fa46-4b0d-a2cc-969a678a226f'
[DEBUG] 2023-01-02 16:38:53.943 [AsyncHttpClient-1-2] HttpHandler - 

Request DefaultFullHttpRequest(decodeResult: success, version: HTTP/1.1, content: EmptyByteBufBE)
DELETE /session/1dde9899-fa46-4b0d-a2cc-969a678a226f HTTP/1.1
User-Agent: appium/8.3.0 (selenium/4.7.2 (java windows))
Content-Type: application/json; charset=utf-8
host: localhost:4723
accept: */*

Response DefaultHttpResponse(decodeResult: success, version: HTTP/1.1)
HTTP/1.1 200 OK
X-Powered-By: Express
Content-Type: application/json; charset=utf-8
ETag: W/"e-9/1BuKMgFObM1mWJm+YjxtXJnUM"
Date: Mon, 02 Jan 2023 14:38:53 GMT
Connection: keep-alive
Keep-Alive: timeout=600
content-length: 14

[DEBUG] 2023-01-02 16:38:53.944 [AsyncHttpClient-1-2] ChannelManager - Adding key: http://localhost:4723 for channel [id: 0xb8ed57fa, L:/127.0.0.1:60322 - R:localhost/127.0.0.1:4723]
[INFO ] 2023-01-02 16:38:53.959 [main] ReportManager - 
################################################################################################################################################
Starting Execution of a Configuration (Setup or Teardown) Method
Test Method:		"com.shaft.tools.io.reporting.ReportHelper.teardownActivities"
################################################################################################################################################
[INFO ] 2023-01-02 16:38:53.966 [main] ReportManager - Successfully Closed Driver.
[INFO ] 2023-01-02 16:38:53.966 [main] ReportManager - Successfully created attachment "SHAFT Engine Logs - Execution log"
[INFO ] 2023-01-02 16:38:53.967 [main] ReportManager - 
################################################################################################################################################
This test run was powered by SHAFT Engine Version: "SHAFT Engine v6.4.20221225"
SHAFT Engine is licensed under the MIT License: [https://github.com/ShaftHQ/SHAFT_ENGINE/blob/master/LICENSE].
################################################################################################################################################
[INFO ] 2023-01-02 16:38:53.968 [main] ReportManager - File Action "DoesFileExist" successfully performed. With the following test data "File Path: "target/logs/log4j.log"".
[INFO ] 2023-01-02 16:38:53.968 [main] ReportManager - File Action "GetAbsolutePath" successfully performed. With the following test data "Relative Folder Path: "target/logs/log4j.log"".
[INFO ] 2023-01-02 16:38:53.977 [main] ReportManager - File Action "ReadFileAsByteArray" successfully performed. With the following test data "File Path: "C:\Work\MobileAppium\Project\target\logs\log4j.log"".
[INFO ] 2023-01-02 16:38:53.979 [main] ReportManager - Successfully created attachment "SHAFT Engine Logs - Execution log: 20230102-163853"
[INFO ] 2023-01-02 16:38:53.979 [main] ReportManager - File Action "DoesFileExist" successfully performed. With the following test data "File Path: "allure-results/cucumberReport.html"".
[DEBUG] 2023-01-02 16:38:54.020 [main] cache - Couldn't find template in cache for "spark/spark.spa.ftl"("en_US", UTF-8, parsed); will try to load it.
[DEBUG] 2023-01-02 16:38:54.021 [main] cache - TemplateLoader.findTemplateSource("spark/spark.spa_en_US.ftl"): Not found
[DEBUG] 2023-01-02 16:38:54.023 [main] cache - TemplateLoader.findTemplateSource("spark/spark.spa_en.ftl"): Not found
[DEBUG] 2023-01-02 16:38:54.023 [main] cache - TemplateLoader.findTemplateSource("spark/spark.spa.ftl"): Found
[DEBUG] 2023-01-02 16:38:54.023 [main] cache - Loading template for "spark/spark.spa.ftl"("en_US", UTF-8, parsed) from "jar:file:/C:/Users/HasanA3/.m2/repository/com/aventstack/extentreports/5.0.9/extentreports-5.0.9.jar!/com/aventstack/extentreports/templates/spark/spark.spa.ftl"
[DEBUG] 2023-01-02 16:38:54.182 [main] cache - Couldn't find template in cache for "commons/commons-variables.ftl"("en_US", UTF-8, parsed); will try to load it.
[DEBUG] 2023-01-02 16:38:54.182 [main] cache - TemplateLoader.findTemplateSource("commons/commons-variables_en_US.ftl"): Not found
[DEBUG] 2023-01-02 16:38:54.183 [main] cache - TemplateLoader.findTemplateSource("commons/commons-variables_en.ftl"): Not found
[DEBUG] 2023-01-02 16:38:54.183 [main] cache - TemplateLoader.findTemplateSource("commons/commons-variables.ftl"): Found
[DEBUG] 2023-01-02 16:38:54.183 [main] cache - Loading template for "commons/commons-variables.ftl"("en_US", UTF-8, parsed) from "jar:file:/C:/Users/HasanA3/.m2/repository/com/aventstack/extentreports/5.0.9/extentreports-5.0.9.jar!/com/aventstack/extentreports/templates/commons/commons-variables.ftl"
[DEBUG] 2023-01-02 16:38:54.338 [main] cache - Couldn't find template in cache for "commons/commons-macros.ftl"("en_US", UTF-8, parsed); will try to load it.
[DEBUG] 2023-01-02 16:38:54.338 [main] cache - TemplateLoader.findTemplateSource("commons/commons-macros_en_US.ftl"): Not found
[DEBUG] 2023-01-02 16:38:54.339 [main] cache - TemplateLoader.findTemplateSource("commons/commons-macros_en.ftl"): Not found
[DEBUG] 2023-01-02 16:38:54.339 [main] cache - TemplateLoader.findTemplateSource("commons/commons-macros.ftl"): Found
[DEBUG] 2023-01-02 16:38:54.339 [main] cache - Loading template for "commons/commons-macros.ftl"("en_US", UTF-8, parsed) from "jar:file:/C:/Users/HasanA3/.m2/repository/com/aventstack/extentreports/5.0.9/extentreports-5.0.9.jar!/com/aventstack/extentreports/templates/commons/commons-macros.ftl"
[DEBUG] 2023-01-02 16:38:54.346 [main] cache - Couldn't find template in cache for "spark/macros/attributes.ftl"("en_US", UTF-8, parsed); will try to load it.
[DEBUG] 2023-01-02 16:38:54.347 [main] cache - TemplateLoader.findTemplateSource("spark/macros/attributes_en_US.ftl"): Not found
[DEBUG] 2023-01-02 16:38:54.347 [main] cache - TemplateLoader.findTemplateSource("spark/macros/attributes_en.ftl"): Not found
[DEBUG] 2023-01-02 16:38:54.347 [main] cache - TemplateLoader.findTemplateSource("spark/macros/attributes.ftl"): Found
[DEBUG] 2023-01-02 16:38:54.347 [main] cache - Loading template for "spark/macros/attributes.ftl"("en_US", UTF-8, parsed) from "jar:file:/C:/Users/HasanA3/.m2/repository/com/aventstack/extentreports/5.0.9/extentreports-5.0.9.jar!/com/aventstack/extentreports/templates/spark/macros/attributes.ftl"
[DEBUG] 2023-01-02 16:38:54.349 [main] cache - Couldn't find template in cache for "spark/macros/log.ftl"("en_US", UTF-8, parsed); will try to load it.
[DEBUG] 2023-01-02 16:38:54.349 [main] cache - TemplateLoader.findTemplateSource("spark/macros/log_en_US.ftl"): Not found
[DEBUG] 2023-01-02 16:38:54.349 [main] cache - TemplateLoader.findTemplateSource("spark/macros/log_en.ftl"): Not found
[DEBUG] 2023-01-02 16:38:54.349 [main] cache - TemplateLoader.findTemplateSource("spark/macros/log.ftl"): Found
[DEBUG] 2023-01-02 16:38:54.349 [main] cache - Loading template for "spark/macros/log.ftl"("en_US", UTF-8, parsed) from "jar:file:/C:/Users/HasanA3/.m2/repository/com/aventstack/extentreports/5.0.9/extentreports-5.0.9.jar!/com/aventstack/extentreports/templates/spark/macros/log.ftl"
[DEBUG] 2023-01-02 16:38:54.351 [main] cache - Couldn't find template in cache for "spark/macros/recurse_nodes.ftl"("en_US", UTF-8, parsed); will try to load it.
[DEBUG] 2023-01-02 16:38:54.351 [main] cache - TemplateLoader.findTemplateSource("spark/macros/recurse_nodes_en_US.ftl"): Not found
[DEBUG] 2023-01-02 16:38:54.351 [main] cache - TemplateLoader.findTemplateSource("spark/macros/recurse_nodes_en.ftl"): Not found
[DEBUG] 2023-01-02 16:38:54.351 [main] cache - TemplateLoader.findTemplateSource("spark/macros/recurse_nodes.ftl"): Found
[DEBUG] 2023-01-02 16:38:54.351 [main] cache - Loading template for "spark/macros/recurse_nodes.ftl"("en_US", UTF-8, parsed) from "jar:file:/C:/Users/HasanA3/.m2/repository/com/aventstack/extentreports/5.0.9/extentreports-5.0.9.jar!/com/aventstack/extentreports/templates/spark/macros/recurse_nodes.ftl"
[DEBUG] 2023-01-02 16:38:54.354 [main] cache - "spark/macros/log.ftl"("en_US", UTF-8, parsed) cached copy not yet stale; using cached.
[DEBUG] 2023-01-02 16:38:54.354 [main] cache - Couldn't find template in cache for "spark/macros/attr-common.ftl"("en_US", UTF-8, parsed); will try to load it.
[DEBUG] 2023-01-02 16:38:54.355 [main] cache - TemplateLoader.findTemplateSource("spark/macros/attr-common_en_US.ftl"): Not found
[DEBUG] 2023-01-02 16:38:54.355 [main] cache - TemplateLoader.findTemplateSource("spark/macros/attr-common_en.ftl"): Not found
[DEBUG] 2023-01-02 16:38:54.355 [main] cache - TemplateLoader.findTemplateSource("spark/macros/attr-common.ftl"): Found
[DEBUG] 2023-01-02 16:38:54.355 [main] cache - Loading template for "spark/macros/attr-common.ftl"("en_US", UTF-8, parsed) from "jar:file:/C:/Users/HasanA3/.m2/repository/com/aventstack/extentreports/5.0.9/extentreports-5.0.9.jar!/com/aventstack/extentreports/templates/spark/macros/attr-common.ftl"
[DEBUG] 2023-01-02 16:38:54.361 [main] cache - Couldn't find template in cache for "spark/partials/head.ftl"("en_US", UTF-8, parsed); will try to load it.
[DEBUG] 2023-01-02 16:38:54.361 [main] cache - TemplateLoader.findTemplateSource("spark/partials/head_en_US.ftl"): Not found
[DEBUG] 2023-01-02 16:38:54.362 [main] cache - TemplateLoader.findTemplateSource("spark/partials/head_en.ftl"): Not found
[DEBUG] 2023-01-02 16:38:54.362 [main] cache - TemplateLoader.findTemplateSource("spark/partials/head.ftl"): Found
[DEBUG] 2023-01-02 16:38:54.362 [main] cache - Loading template for "spark/partials/head.ftl"("en_US", UTF-8, parsed) from "jar:file:/C:/Users/HasanA3/.m2/repository/com/aventstack/extentreports/5.0.9/extentreports-5.0.9.jar!/com/aventstack/extentreports/templates/spark/partials/head.ftl"
[DEBUG] 2023-01-02 16:38:54.365 [main] cache - Couldn't find template in cache for "commons/commons-inject-css.ftl"("en_US", UTF-8, parsed); will try to load it.
[DEBUG] 2023-01-02 16:38:54.365 [main] cache - TemplateLoader.findTemplateSource("commons/commons-inject-css_en_US.ftl"): Not found
[DEBUG] 2023-01-02 16:38:54.365 [main] cache - TemplateLoader.findTemplateSource("commons/commons-inject-css_en.ftl"): Not found
[DEBUG] 2023-01-02 16:38:54.366 [main] cache - TemplateLoader.findTemplateSource("commons/commons-inject-css.ftl"): Found
[DEBUG] 2023-01-02 16:38:54.366 [main] cache - Loading template for "commons/commons-inject-css.ftl"("en_US", UTF-8, parsed) from "jar:file:/C:/Users/HasanA3/.m2/repository/com/aventstack/extentreports/5.0.9/extentreports-5.0.9.jar!/com/aventstack/extentreports/templates/commons/commons-inject-css.ftl"
[DEBUG] 2023-01-02 16:38:54.366 [main] cache - Couldn't find template in cache for "spark/partials/navbar.ftl"("en_US", UTF-8, parsed); will try to load it.
[DEBUG] 2023-01-02 16:38:54.367 [main] cache - TemplateLoader.findTemplateSource("spark/partials/navbar_en_US.ftl"): Not found
[DEBUG] 2023-01-02 16:38:54.367 [main] cache - TemplateLoader.findTemplateSource("spark/partials/navbar_en.ftl"): Not found
[DEBUG] 2023-01-02 16:38:54.368 [main] cache - TemplateLoader.findTemplateSource("spark/partials/navbar.ftl"): Found
[DEBUG] 2023-01-02 16:38:54.368 [main] cache - Loading template for "spark/partials/navbar.ftl"("en_US", UTF-8, parsed) from "jar:file:/C:/Users/HasanA3/.m2/repository/com/aventstack/extentreports/5.0.9/extentreports-5.0.9.jar!/com/aventstack/extentreports/templates/spark/partials/navbar.ftl"
[DEBUG] 2023-01-02 16:38:54.375 [main] cache - Couldn't find template in cache for "spark/partials/sidenav.ftl"("en_US", UTF-8, parsed); will try to load it.
[DEBUG] 2023-01-02 16:38:54.375 [main] cache - TemplateLoader.findTemplateSource("spark/partials/sidenav_en_US.ftl"): Not found
[DEBUG] 2023-01-02 16:38:54.376 [main] cache - TemplateLoader.findTemplateSource("spark/partials/sidenav_en.ftl"): Not found
[DEBUG] 2023-01-02 16:38:54.376 [main] cache - TemplateLoader.findTemplateSource("spark/partials/sidenav.ftl"): Found
[DEBUG] 2023-01-02 16:38:54.376 [main] cache - Loading template for "spark/partials/sidenav.ftl"("en_US", UTF-8, parsed) from "jar:file:/C:/Users/HasanA3/.m2/repository/com/aventstack/extentreports/5.0.9/extentreports-5.0.9.jar!/com/aventstack/extentreports/templates/spark/partials/sidenav.ftl"
[DEBUG] 2023-01-02 16:38:54.385 [AsyncHttpClient-1-1] DefaultChannelPool - Entry count for : http://localhost:4723 : 1
[DEBUG] 2023-01-02 16:38:54.385 [main] cache - Couldn't find template in cache for "spark/partials/dashboard.ftl"("en_US", UTF-8, parsed); will try to load it.
[DEBUG] 2023-01-02 16:38:54.386 [main] cache - TemplateLoader.findTemplateSource("spark/partials/dashboard_en_US.ftl"): Not found
[DEBUG] 2023-01-02 16:38:54.386 [main] cache - TemplateLoader.findTemplateSource("spark/partials/dashboard_en.ftl"): Not found
[DEBUG] 2023-01-02 16:38:54.386 [main] cache - TemplateLoader.findTemplateSource("spark/partials/dashboard.ftl"): Found
[DEBUG] 2023-01-02 16:38:54.386 [main] cache - Loading template for "spark/partials/dashboard.ftl"("en_US", UTF-8, parsed) from "jar:file:/C:/Users/HasanA3/.m2/repository/com/aventstack/extentreports/5.0.9/extentreports-5.0.9.jar!/com/aventstack/extentreports/templates/spark/partials/dashboard.ftl"
[DEBUG] 2023-01-02 16:38:54.416 [main] cache - Couldn't find template in cache for "spark/partials/test.ftl"("en_US", UTF-8, parsed); will try to load it.
[DEBUG] 2023-01-02 16:38:54.416 [main] cache - TemplateLoader.findTemplateSource("spark/partials/test_en_US.ftl"): Not found
[DEBUG] 2023-01-02 16:38:54.417 [main] cache - TemplateLoader.findTemplateSource("spark/partials/test_en.ftl"): Not found
[DEBUG] 2023-01-02 16:38:54.417 [main] cache - TemplateLoader.findTemplateSource("spark/partials/test.ftl"): Found
[DEBUG] 2023-01-02 16:38:54.417 [main] cache - Loading template for "spark/partials/test.ftl"("en_US", UTF-8, parsed) from "jar:file:/C:/Users/HasanA3/.m2/repository/com/aventstack/extentreports/5.0.9/extentreports-5.0.9.jar!/com/aventstack/extentreports/templates/spark/partials/test.ftl"
[DEBUG] 2023-01-02 16:38:54.425 [main] cache - Couldn't find template in cache for "spark/partials/standard-content.ftl"("en_US", UTF-8, parsed); will try to load it.
[DEBUG] 2023-01-02 16:38:54.425 [main] cache - TemplateLoader.findTemplateSource("spark/partials/standard-content_en_US.ftl"): Not found
[DEBUG] 2023-01-02 16:38:54.426 [main] cache - TemplateLoader.findTemplateSource("spark/partials/standard-content_en.ftl"): Not found
[DEBUG] 2023-01-02 16:38:54.426 [main] cache - TemplateLoader.findTemplateSource("spark/partials/standard-content.ftl"): Found
[DEBUG] 2023-01-02 16:38:54.426 [main] cache - Loading template for "spark/partials/standard-content.ftl"("en_US", UTF-8, parsed) from "jar:file:/C:/Users/HasanA3/.m2/repository/com/aventstack/extentreports/5.0.9/extentreports-5.0.9.jar!/com/aventstack/extentreports/templates/spark/partials/standard-content.ftl"
[DEBUG] 2023-01-02 16:38:54.430 [main] cache - Couldn't find template in cache for "spark/partials/exception.ftl"("en_US", UTF-8, parsed); will try to load it.
[DEBUG] 2023-01-02 16:38:54.430 [main] cache - TemplateLoader.findTemplateSource("spark/partials/exception_en_US.ftl"): Not found
[DEBUG] 2023-01-02 16:38:54.431 [main] cache - TemplateLoader.findTemplateSource("spark/partials/exception_en.ftl"): Not found
[DEBUG] 2023-01-02 16:38:54.431 [main] cache - TemplateLoader.findTemplateSource("spark/partials/exception.ftl"): Found
[DEBUG] 2023-01-02 16:38:54.431 [main] cache - Loading template for "spark/partials/exception.ftl"("en_US", UTF-8, parsed) from "jar:file:/C:/Users/HasanA3/.m2/repository/com/aventstack/extentreports/5.0.9/extentreports-5.0.9.jar!/com/aventstack/extentreports/templates/spark/partials/exception.ftl"
[DEBUG] 2023-01-02 16:38:54.432 [main] cache - Couldn't find template in cache for "spark/partials/log.ftl"("en_US", UTF-8, parsed); will try to load it.
[DEBUG] 2023-01-02 16:38:54.432 [main] cache - TemplateLoader.findTemplateSource("spark/partials/log_en_US.ftl"): Not found
[DEBUG] 2023-01-02 16:38:54.432 [main] cache - TemplateLoader.findTemplateSource("spark/partials/log_en.ftl"): Not found
[DEBUG] 2023-01-02 16:38:54.433 [main] cache - TemplateLoader.findTemplateSource("spark/partials/log.ftl"): Found
[DEBUG] 2023-01-02 16:38:54.433 [main] cache - Loading template for "spark/partials/log.ftl"("en_US", UTF-8, parsed) from "jar:file:/C:/Users/HasanA3/.m2/repository/com/aventstack/extentreports/5.0.9/extentreports-5.0.9.jar!/com/aventstack/extentreports/templates/spark/partials/log.ftl"
[DEBUG] 2023-01-02 16:38:54.434 [main] cache - Couldn't find template in cache for "spark/partials/scripts.ftl"("en_US", UTF-8, parsed); will try to load it.
[DEBUG] 2023-01-02 16:38:54.434 [main] cache - TemplateLoader.findTemplateSource("spark/partials/scripts_en_US.ftl"): Not found
[DEBUG] 2023-01-02 16:38:54.435 [main] cache - TemplateLoader.findTemplateSource("spark/partials/scripts_en.ftl"): Not found
[DEBUG] 2023-01-02 16:38:54.435 [main] cache - TemplateLoader.findTemplateSource("spark/partials/scripts.ftl"): Found
[DEBUG] 2023-01-02 16:38:54.435 [main] cache - Loading template for "spark/partials/scripts.ftl"("en_US", UTF-8, parsed) from "jar:file:/C:/Users/HasanA3/.m2/repository/com/aventstack/extentreports/5.0.9/extentreports-5.0.9.jar!/com/aventstack/extentreports/templates/spark/partials/scripts.ftl"
[DEBUG] 2023-01-02 16:38:54.436 [main] cache - Couldn't find template in cache for "commons/commons-inject-js.ftl"("en_US", UTF-8, parsed); will try to load it.
[DEBUG] 2023-01-02 16:38:54.436 [main] cache - TemplateLoader.findTemplateSource("commons/commons-inject-js_en_US.ftl"): Not found
[DEBUG] 2023-01-02 16:38:54.436 [main] cache - TemplateLoader.findTemplateSource("commons/commons-inject-js_en.ftl"): Not found
[DEBUG] 2023-01-02 16:38:54.437 [main] cache - TemplateLoader.findTemplateSource("commons/commons-inject-js.ftl"): Found
[DEBUG] 2023-01-02 16:38:54.437 [main] cache - Loading template for "commons/commons-inject-js.ftl"("en_US", UTF-8, parsed) from "jar:file:/C:/Users/HasanA3/.m2/repository/com/aventstack/extentreports/5.0.9/extentreports-5.0.9.jar!/com/aventstack/extentreports/templates/commons/commons-inject-js.ftl"
[INFO ] 2023-01-02 16:38:54.441 [main] ReportManager - File Action "DoesFileExist" successfully performed. With the following test data "File Path: "extent-reports/ExtentReports_02-01-2023_16-38-29-0882-PM.html"".
[INFO ] 2023-01-02 16:38:54.442 [main] ReportManager - File Action "DoesFileExist" successfully performed. With the following test data "File Path: "extent-reports/ExtentReports_02-01-2023_16-38-29-0882-PM.html"".
[INFO ] 2023-01-02 16:38:54.442 [main] ReportManager - File Action "GetAbsolutePath" successfully performed. With the following test data "Relative Folder Path: "extent-reports/ExtentReports_02-01-2023_16-38-29-0882-PM.html"".
[INFO ] 2023-01-02 16:38:54.473 [main] ReportManager - File Action "ReadFile" successfully performed. With the following test data "File Path: "C:\Work\MobileAppium\Project\extent-reports\ExtentReports_02-01-2023_16-38-29-0882-PM.html"".
[INFO ] 2023-01-02 16:38:54.475 [main] ReportManager - Successfully created attachment "HTML - Extent Emailable Execution Report"
[INFO ] 2023-01-02 16:38:54.479 [main] ReportManager - Successfully created attachment "HTML - Checkpoints Report"
[INFO ] 2023-01-02 16:38:54.486 [main] ReportManager - Attempting to perform the following command locally. Command: "generate_allure_report.bat"
